OHandler.loadFont(IOHandler.java:897)
	at PolyGlot.IOHandler.getFontFromLocation(IOHandler.java:860)
	at PolyGlot.IOHandler.getFontFile(IOHandler.java:820)
	at PolyGlot.IOHandler.loadFontFromOSFileFolder(IOHandler.java:790)
	at PolyGlot.ManagersCollections.PropertiesManager.setFontCon(PropertiesManager.java:297)
	at PolyGlot.Screens.ScrLangProps.setConFont(ScrLangProps.java:191)
	at PolyGlot.Screens.ScrLangProps.btnChangeFontActionPerformed(ScrLangProps.java:527)
	at PolyGlot.Screens.ScrLangProps.access$200(ScrLangProps.java:47)
	at PolyGlot.Screens.ScrLangProps$2.actionPerformed(ScrLangProps.java:297)
	at javax.swing.AbstractButton.fireActionPerformed(AbstractButton.java:2022)
	at javax.swing.AbstractButton$Handler.actionPerformed(AbstractButton.java:2346)
	at javax.swing.DefaultButtonModel.fireActionPerformed(DefaultButtonModel.java:402)
	at javax.swing.DefaultButtonModel.setPressed(DefaultButtonModel.java:259)
	at javax.swing.plaf.basic.BasicButtonListener.mouseReleased(BasicButtonListener.java:252)
	at java.awt.AWTEventMulticaster.mouseReleased(AWTEventMulticaster.java:289)
	at java.awt.AWTEventMulticaster.mouseReleased(AWTEventMulticaster.java:289)
	at java.awt.Component.processMouseEvent(Component.java:6527)
	at javax.swing.JComponent.processMouseEvent(JComponent.java:3321)
	at java.awt.Component.processEvent(Component.java:6292)
	at java.awt.Container.processEvent(Container.java:2234)
	at java.awt.Component.dispatchEventImpl(Component.java:4883)
	at java.awt.Container.dispatchEventImpl(Container.java:2292)
	at java.awt.Component.dispatchEvent(Component.java:4705)
	at java.awt.LightweightDispatcher.retargetMouseEvent(Container.java:4898)
	at java.awt.LightweightDispatcher.processMouseEvent(Container.java:4533)
	at java.awt.LightweightDispatcher.dispatchEvent(Container.java:4462)
	at java.awt.Container.dispatchEventImpl(Container.java:2278)
	at java.awt.Window.dispatchEventImpl(Window.java:2739)
	at java.awt.Component.dispatchEvent(Component.java:4705)
	at java.awt.EventQueue.dispatchEventImpl(EventQueue.java:746)
	at java.awt.EventQueue.access$400(EventQueue.java:97)
	at java.awt.EventQueue$3.run(EventQueue.java:697)
	at java.awt.EventQueue$3.run(EventQueue.java:691)
	at java.security.AccessController.doPrivileged(Native Method)
	at java.security.ProtectionDomain$1.doIntersectionPrivilege(ProtectionDomain.java:75)
	at java.security.ProtectionDomain$1.doIntersectionPrivilege(ProtectionDomain.java:86)
	at java.awt.EventQueue$4.run(EventQueue.java:719)
	at java.awt.EventQueue$4.run(EventQueue.java:717)
	at java.security.AccessController.doPrivileged(Native Method)
	at java.security.ProtectionDomain$1.doIntersectionPrivilege(ProtectionDomain.java:75)
	at java.awt.EventQueue.dispatchEvent(EventQueue.java:716)
	at java.awt.EventDispatchThread.pumpOneEventForFilters(EventDispatchThread.java:201)
	at java.awt.EventDispatchThread.pumpEventsForFilter(EventDispatchThread.java:116)
	at java.awt.EventDispatchThread.pumpEventsForHierarchy(EventDispatchThread.java:105)
	at java.awt.EventDispatchThread.pumpEvents(EventDispatchThread.java:101)
	at java.awt.EventDispatchThread.pumpEvents(EventDispatchThread.java:93)
	at java.awt.EventDispatchThread.run(EventDispatchThread.java:82)
2019/04/22 21:20:26-Font name not found-java.awt.FontFormatException
java.awt.FontFormatException: Font name not found
	at sun.font.TrueTypeFont.init(TrueTypeFont.java:573)
	at sun.font.TrueTypeFont.<init>(TrueTypeFont.java:191)
	at sun.font.CFontManager.createFont2D(CFontManager.java:161)
	at java.awt.Font.<init>(Font.java:615)
	at java.awt.Font.createFont(Font.java:1056)
	at PolyGlot.IOHandler.loadFont(IOHandler.java:897)
	at PolyGlot.IOHandler.getFontFromLocation(IOHandler.java:860)
	at PolyGlot.IOHandler.getFontFile(IOHandler.java:820)
	at PolyGlot.IOHandler.loadFontFromOSFileFolder(IOHandler.java:790)
	at PolyGlot.ManagersCollections.PropertiesManager.setFontCon(PropertiesManager.java:297)
	at PolyGlot.Screens.ScrLangProps.setConFont(ScrLangProps.java:191)
	at PolyGlot.Screens.ScrLangProps.btnChangeFontActionPerformed(ScrLangProps.java:527)
	at PolyGlot.Screens.ScrLangProps.access$200(ScrLangProps.java:47)
	at PolyGlot.Screens.ScrLangProps$2.actionPerformed(ScrLangProps.java:297)
	at javax.swing.AbstractButton.fireActionPerformed(AbstractButton.java:2022)
	at javax.swing.AbstractButton$Handler.actionPerformed(AbstractButton.java:2346)
	at javax.swing.DefaultButtonModel.fireActionPerformed(DefaultButtonModel.java:402)
	at javax.swing.DefaultButtonModel.setPressed(DefaultButtonModel.java:259)
	at javax.swing.plaf.basic.BasicButtonListener.mouseReleased(BasicButtonListener.java:252)
	at java.awt.AWTEventMulticaster.mouseReleased(AWTEventMulticaster.java:289)
	at java.awt.AWTEventMulticaster.mouseReleased(AWTEventMulticaster.java:289)
	at java.awt.Component.processMouseEvent(Component.java:6527)
	at javax.swing.JComponent.processMouseEvent(JComponent.java:3321)
	at java.awt.Component.processEvent(Component.java:6292)
	at java.awt.Container.processEvent(Container.java:2234)
	at java.awt.Component.dispatchEventImpl(Component.java:4883)
	at java.awt.Container.dispatchEventImpl(Container.java:2292)
	at java.awt.Component.dispatchEvent(Component.java:4705)
	at java.awt.LightweightDispatcher.retargetMouseEvent(Container.java:4898)
	at java.awt.LightweightDispatcher.processMouseEvent(Container.java:4533)
	at java.awt.LightweightDispatcher.dispatchEvent(Container.java:4462)
	at java.awt.Container.dispatchEventImpl(Container.java:2278)
	at java.awt.Window.dispatchEventImpl(Window.java:2739)
	at java.awt.Component.dispatchEvent(Component.java:4705)
	at java.awt.EventQueue.dispatchEventImpl(EventQueue.java:746)
	at java.awt.EventQueue.access$400(EventQueue.java:97)
	at java.awt.EventQueue$3.run(EventQueue.java:697)
	at java.awt.EventQueue$3.run(EventQueue.java:691)
	at java.security.AccessController.doPrivileged(Native Method)
	at java.security.ProtectionDomain$1.doIntersectionPrivilege(ProtectionDomain.java:75)
	at java.security.ProtectionDomain$1.doIntersectionPrivilege(ProtectionDomain.java:86)
	at java.awt.EventQueue$4.run(EventQueue.java:719)
	at java.awt.EventQueue$4.run(EventQueue.java:717)
	at java.security.AccessController.doPrivileged(Native Method)
	at java.security.ProtectionDomain$1.doIntersectionPrivilege(ProtectionDomain.java:75)
	at java.awt.EventQueue.dispatchEvent(EventQueue.java:716)
	at java.awt.EventDispatchThread.pumpOneEventForFilters(EventDispatchThread.java:201)
	at java.awt.EventDispatchThread.pumpEventsForFilter(EventDispatchThread.java:116)
	at java.awt.EventDispatchThread.pumpEventsForHierarchy(EventDispatchThread.java:105)
	at java.awt.EventDispatchThread.pumpEvents(EventDispatchThread.java:101)
	at java.awt.EventDispatchThread.pumpEvents(EventDispatchThread.java:93)
	at java.awt.EventDispatchThread.run(EventDispatchThread.java:82)
2019/04/22 21:20:26-Unsupported sfnt /System/Library/Fonts/Geneva.dfont-java.awt.FontFormatException
java.awt.FontFormatException: Unsupported sfnt /System/Library/Fonts/Geneva.dfont
	at sun.font.TrueTypeFont.init(TrueTypeFont.java:523)
	at sun.font.TrueTypeFont.<init>(TrueTypeFont.java:191)
	at sun.font.CFontManager.createFont2D(CFontManager.java:161)
	at java.awt.Font.<init>(Font.java:615)
	at java.awt.Font.createFont(Font.java:1056)
	at PolyGlot.IOHandler.loadFont(IOHandler.java:897)
	at PolyGlot.IOHandler.getFontFromLocation(IOHandler.java:860)
	at PolyGlot.IOHandler.getFontFile(IOHandler.java:820)
	at PolyGlot.IOHandler.loadFontFromOSFileFolder(IOHandler.java:790)
	at PolyGlot.ManagersCollections.PropertiesManager.setFontCon(PropertiesManager.java:297)
	at PolyGlot.Screens.ScrLangProps.setConFont(ScrLangProps.java:191)
	at PolyGlot.Screens.ScrLangProps.btnChangeFontActionPerformed(ScrLangProps.java:527)
	at PolyGlot.Screens.ScrLangProps.access$200(ScrLangProps.java:47)
	at PolyGlot.Screens.ScrLangProps$2.actionPerformed(ScrLangProps.java:297)
	at javax.swing.AbstractButton.fireActionPerformed(AbstractButton.java:2022)
	at javax.swing.AbstractButton$Handler.actionPerformed(AbstractButton.java:2346)
	at javax.swing.DefaultButtonModel.fireActionPerformed(DefaultButtonModel.java:402)
	at javax.swing.DefaultButtonModel.setPressed(DefaultButtonModel.java:259)
	at javax.swing.plaf.basic.BasicButtonListener.mouseReleased(BasicButtonListener.java:252)
	at java.awt.AWTEventMulticaster.mouseReleased(AWTEventMulticaster.java:289)
	at java.awt.AWTEventMulticaster.mouseReleased(AWTEventMulticaster.java:289)
	at java.awt.Component.processMouseEvent(Component.java:6527)
	at javax.swing.JComponent.processMouseEvent(JComponent.java:3321)
	at java.awt.Component.processEvent(Component.java:6292)
	at java.awt.Container.processEvent(Container.java:2234)
	at java.awt.Component.dispatchEventImpl(Component.java:4883)
	at java.awt.Container.dispatchEventImpl(Container.java:2292)
	at java.awt.Component.dispatchEvent(Component.java:4705)
	at java.awt.LightweightDispatcher.retargetMouseEvent(Container.java:4898)
	at java.awt.LightweightDispatcher.processMouseEvent(Container.java:4533)
	at java.awt.LightweightDispatcher.dispatchEvent(Container.java:4462)
	at java.awt.Container.dispatchEventImpl(Container.java:2278)
	at java.awt.Window.dispatchEventImpl(Window.java:2739)
	at java.awt.Component.dispatchEvent(Component.java:4705)
	at java.awt.EventQueue.dispatchEventImpl(EventQueue.java:746)
	at java.awt.EventQueue.access$400(EventQueue.java:97)
	at java.awt.EventQueue$3.run(EventQueue.java:697)
	at java.awt.EventQueue$3.run(EventQueue.java:691)
	at java.security.AccessController.doPrivileged(Native Method)
	at java.security.ProtectionDomain$1.doIntersectionPrivilege(ProtectionDomain.java:75)
	at java.security.ProtectionDomain$1.doIntersectionPrivilege(ProtectionDomain.java:86)
	at java.awt.EventQueue$4.run(EventQueue.java:719)
	at java.awt.EventQueue$4.run(EventQueue.java:717)
	at java.security.AccessController.doPrivileged(Native Method)
	at java.security.ProtectionDomain$1.doIntersectionPrivilege(ProtectionDomain.java:75)
	at java.awt.EventQueue.dispatchEvent(EventQueue.java:716)
	at java.awt.EventDispatchThread.pumpOneEventForFilters(EventDispatchThread.java:201)
	at java.awt.EventDispatchThread.pumpEventsForFilter(EventDispatchThread.java:116)
	at java.awt.EventDispatchThread.pumpEventsForHierarchy(EventDispatchThread.java:105)
	at java.awt.EventDispatchThread.pumpEvents(EventDispatchThread.java:101)
	at java.awt.EventDispatchThread.pumpEvents(EventDispatchThread.java:93)
	at java.awt.EventDispatchThread.run(EventDispatchThread.java:82)
2019/04/22 21:20:26-Font name not found-java.awt.FontFormatException
java.awt.FontFormatException: Font name not found
	at sun.font.TrueTypeFont.init(TrueTypeFont.java:573)
	at sun.font.TrueTypeFont.<init>(TrueTypeFont.java:191)
	at sun.font.CFontManager.createFont2D(CFontManager.java:161)
	at java.awt.Font.<init>(Font.java:615)
	at java.awt.Font.createFont(Font.java:1056)
	at PolyGlot.IOHandler.loadFont(IOHandler.java:897)
	at PolyGlot.IOHandler.getFontFromLocation(IOHandler.java:860)
	at PolyGlot.IOHandler.getFontFile(IOHandler.java:820)
	at PolyGlot.IOHandler.loadFontFromOSFileFolder(IOHandler.java:790)
	at PolyGlot.ManagersCollections.PropertiesManager.setFontCon(PropertiesManager.java:297)
	at PolyGlot.Screens.ScrLangProps.setConFont(ScrLangProps.java:191)
	at PolyGlot.Screens.ScrLangProps.btnChangeFontActionPerformed(ScrLangProps.java:527)
	at PolyGlot.Screens.ScrLangProps.access$200(ScrLangProps.java:47)
	at PolyGlot.Screens.ScrLangProps$2.actionPerformed(ScrLangProps.java:297)
	at javax.swing.AbstractButton.fireActionPerformed(AbstractButton.java:2022)
	at javax.swing.AbstractButton$Handler.actionPerformed(AbstractButton.java:2346)
	at javax.swing.DefaultButtonModel.fireActionPerformed(DefaultButtonModel.java:402)
	at javax.swing.DefaultButtonModel.setPressed(DefaultButtonModel.java:259)
	at javax.swing.plaf.basic.BasicButtonListener.mouseReleased(BasicButtonListener.java:252)
	at java.awt.AWTEventMulticaster.mouseReleased(AWTEventMulticaster.java:289)
	at java.awt.AWTEventMulticaster.mouseReleased(AWTEventMulticaster.java:289)
	at java.awt.Component.processMouseEvent(Component.java:6527)
	at javax.swing.JComponent.processMouseEvent(JComponent.java:3321)
	at java.awt.Component.processEvent(Component.java:6292)
	at java.awt.Container.processEvent(Container.java:2234)
	at java.awt.Component.dispatchEventImpl(Component.java:4883)
	at java.awt.Container.dispatchEventImpl(Container.java:2292)
	at java.awt.Component.dispatchEvent(Component.java:4705)
	at java.awt.LightweightDispatcher.retargetMouseEvent(Container.java:4898)
	at java.awt.LightweightDispatcher.processMouseEvent(Container.java:4533)
	at java.awt.LightweightDispatcher.dispatchEvent(Container.java:4462)
	at java.awt.Container.dispatchEventImpl(Container.java:2278)
	at java.awt.Window.dispatchEventImpl(Window.java:2739)
	at java.awt.Component.dispatchEvent(Component.java:4705)
	at java.awt.EventQueue.dispatchEventImpl(EventQueue.java:746)
	at java.awt.EventQueue.access$400(EventQueue.java:97)
	at java.awt.EventQueue$3.run(EventQueue.java:697)
	at java.awt.EventQueue$3.run(EventQueue.java:691)
	at java.security.AccessController.doPrivileged(Native Method)
	at java.security.ProtectionDomain$1.doIntersectionPrivilege(ProtectionDomain.java:75)
	at java.security.ProtectionDomain$1.doIntersectionPrivilege(ProtectionDomain.java:86)
	at java.awt.EventQueue$4.run(EventQueue.java:719)
	at java.awt.EventQueue$4.run(EventQueue.java:717)
	at java.security.AccessController.doPrivileged(Native Method)
	at java.security.ProtectionDomain$1.doIntersectionPrivilege(ProtectionDomain.java:75)
	at java.awt.EventQueue.dispatchEvent(EventQueue.java:716)
	at java.awt.EventDispatchThread.pumpOneEventForFilters(EventDispatchThread.java:201)
	at java.awt.EventDispatchThread.pumpEventsForFilter(EventDispatchThread.java:116)
	at java.awt.EventDispatchThread.pumpEventsForHierarchy(EventDispatchThread.java:105)
	at java.awt.EventDispatchThread.pumpEvents(EventDispatchThread.java:101)
	at java.awt.EventDispatchThread.pumpEvents(EventDispatchThread.java:93)
	at java.awt.EventDispatchThread.run(EventDispatchThread.java:82)
2019/04/22 21:20:26-Font name not found-java.awt.FontFormatException
java.awt.FontFormatException: Font name not found
	at sun.font.TrueTypeFont.init(TrueTypeFont.java:573)
	at sun.font.TrueTypeFont.<init>(TrueTypeFont.java:191)
	at sun.font.CFontManager.createFont2D(CFontManager.java:161)
	at java.awt.Font.<init>(Font.java:615)
	at java.awt.Font.createFont(Font.java:1056)
	at PolyGlot.IOHandler.loadFont(IOHandler.java:897)
	at PolyGlot.IOHandler.getFontFromLocation(IOHandler.java:860)
	at PolyGlot.IOHandler.getFontFile(IOHandler.java:820)
	at PolyGlot.IOHandler.loadFontFromOSFileFolder(IOHandler.java:790)
	at PolyGlot.ManagersCollections.PropertiesManager.setFontCon(PropertiesManager.java:297)
	at PolyGlot.Screens.ScrLangProps.setConFont(ScrLangProps.java:191)
	at PolyGlot.Screens.ScrLangProps.btnChangeFontActionPerformed(ScrLangProps.java:527)
	at PolyGlot.Screens.ScrLangProps.access$200(ScrLangProps.java:47)
	at PolyGlot.Screens.ScrLangProps$2.actionPerformed(ScrLangProps.java:297)
	at javax.swing.AbstractButton.fireActionPerformed(AbstractButton.java:2022)
	at javax.swing.AbstractButton$Handler.actionPerformed(AbstractButton.java:2346)
	at javax.swing.DefaultButtonModel.fireActionPerformed(DefaultButtonModel.java:402)
	at javax.swing.DefaultButtonModel.setPressed(DefaultButtonModel.java:259)
	at javax.swing.plaf.basic.BasicButtonListener.mouseReleased(BasicButtonListener.java:252)
	at java.awt.AWTEventMulticaster.mouseReleased(AWTEventMulticaster.java:289)
	at java.awt.AWTEventMulticaster.mouseReleased(AWTEventMulticaster.java:289)
	at java.awt.Component.processMouseEvent(Component.java:6527)
	at javax.swing.JComponent.processMouseEvent(JComponent.java:3321)
	at java.awt.Component.processEvent(Component.java:6292)
	at java.awt.Container.processEvent(Container.java:2234)
	at java.awt.Component.dispatchEventImpl(Component.java:4883)
	at java.awt.Container.dispatchEventImpl(Container.java:2292)
	at java.awt.Component.dispatchEvent(Component.java:4705)
	at java.awt.LightweightDispatcher.retargetMouseEvent(Container.java:4898)
	at java.awt.LightweightDispatcher.processMouseEvent(Container.java:4533)
	at java.awt.LightweightDispatcher.dispatchEvent(Container.java:4462)
	at java.awt.Container.dispatchEventImpl(Container.java:2278)
	at java.awt.Window.dispatchEventImpl(Window.java:2739)
	at java.awt.Component.dispatchEvent(Component.java:4705)
	at java.awt.EventQueue.dispatchEventImpl(EventQueue.java:746)
	at java.awt.EventQueue.access$400(EventQueue.java:97)
	at java.awt.EventQueue$3.run(EventQueue.java:697)
	at java.awt.EventQueue$3.run(EventQueue.java:691)
	at java.security.AccessController.doPrivileged(Native Method)
	at java.security.ProtectionDomain$1.doIntersectionPrivilege(ProtectionDomain.java:75)
	at java.security.ProtectionDomain$1.doIntersectionPrivilege(ProtectionDomain.java:86)
	at java.awt.EventQueue$4.run(EventQueue.java:719)
	at java.awt.EventQueue$4.run(EventQueue.java:717)
	at java.security.AccessController.doPrivileged(Native Method)
	at java.security.ProtectionDomain$1.doIntersectionPrivilege(ProtectionDomain.java:75)
	at java.awt.EventQueue.dispatchEvent(EventQueue.java:716)
	at java.awt.EventDispatchThread.pumpOneEventForFilters(EventDispatchThread.java:201)
	at java.awt.EventDispatchThread.pumpEventsForFilter(EventDispatchThread.java:116)
	at java.awt.EventDispatchThread.pumpEventsForHierarchy(EventDispatchThread.java:105)
	at java.awt.EventDispatchThread.pumpEvents(EventDispatchThread.java:101)
	at java.awt.EventDispatchThread.pumpEvents(EventDispatchThread.java:93)
	at java.awt.EventDispatchThread.run(EventDispatchThread.java:82)
2019/04/22 21:20:26-Font name not found-java.awt.FontFormatException
java.awt.FontFormatException: Font name not found
	at sun.font.TrueTypeFont.init(TrueTypeFont.java:573)
	at sun.font.TrueTypeFont.<init>(TrueTypeFont.java:191)
	at sun.font.CFontManager.createFont2D(CFontManager.java:161)
	at java.awt.Font.<init>(Font.java:615)
	at java.awt.Font.createFont(Font.java:1056)
	at PolyGlot.IOHandler.loadFont(IOHandler.java:897)
	at PolyGlot.IOHandler.getFontFromLocation(IOHandler.java:860)
	at PolyGlot.IOHandler.getFontFile(IOHandler.java:820)
	at PolyGlot.IOHandler.loadFontFromOSFileFolder(IOHandler.java:790)
	at PolyGlot.ManagersCollections.PropertiesManager.setFontCon(PropertiesManager.java:297)
	at PolyGlot.Screens.ScrLangProps.setConFont(ScrLangProps.java:191)
	at PolyGlot.Screens.ScrLangProps.btnChangeFontActionPerformed(ScrLangProps.java:527)
	at PolyGlot.Screens.ScrLangProps.access$200(ScrLangProps.java:47)
	at PolyGlot.Screens.ScrLangProps$2.actionPerformed(ScrLangProps.java:297)
	at javax.swing.AbstractButton.fireActionPerformed(AbstractButton.java:2022)
	at javax.swing.AbstractButton$Handler.actionPerformed(AbstractButton.java:2346)
	at javax.swing.DefaultButtonModel.fireActionPerformed(DefaultButtonModel.java:402)
	at javax.swing.DefaultButtonModel.setPressed(DefaultButtonModel.java:259)
	at javax.swing.plaf.basic.BasicButtonListener.mouseReleased(BasicButtonListener.java:252)
	at java.awt.AWTEventMulticaster.mouseReleased(AWTEventMulticaster.java:289)
	at java.awt.AWTEventMulticaster.mouseReleased(AWTEventMulticaster.java:289)
	at java.awt.Component.processMouseEvent(Component.java:6527)
	at javax.swing.JComponent.processMouseEvent(JComponent.java:3321)
	at java.awt.Component.processEvent(Component.java:6292)
	at java.awt.Container.processEvent(Container.java:2234)
	at java.awt.Component.dispatchEventImpl(Component.java:4883)
	at java.awt.Container.dispatchEventImpl(Container.java:2292)
	at java.awt.Component.dispatchEvent(Component.java:4705)
	at java.awt.LightweightDispatcher.retargetMouseEvent(Container.java:4898)
	at java.awt.LightweightDispatcher.processMouseEvent(Container.java:4533)
	at java.awt.LightweightDispatcher.dispatchEvent(Container.java:4462)
	at java.awt.Container.dispatchEventImpl(Container.java:2278)
	at java.awt.Window.dispatchEventImpl(Window.java:2739)
	at java.awt.Component.dispatchEvent(Component.java:4705)
	at java.awt.EventQueue.dispatchEventImpl(EventQueue.java:746)
	at java.awt.EventQueue.access$400(EventQueue.java:97)
	at java.awt.EventQueue$3.run(EventQueue.java:697)
	at java.awt.EventQueue$3.run(EventQueue.java:691)
	at java.security.AccessController.doPrivileged(Native Method)
	at java.security.ProtectionDomain$1.doIntersectionPrivilege(ProtectionDomain.java:75)
	at java.security.ProtectionDomain$1.doIntersectionPrivilege(ProtectionDomain.java:86)
	at java.awt.EventQueue$4.run(EventQueue.java:719)
	at java.awt.EventQueue$4.run(EventQueue.java:717)
	at java.security.AccessController.doPrivileged(Native Method)
	at java.security.ProtectionDomain$1.doIntersectionPrivilege(ProtectionDomain.java:75)
	at java.awt.EventQueue.dispatchEvent(EventQueue.java:716)
	at java.awt.EventDispatchThread.pumpOneEventForFilters(EventDispatchThread.java:201)
	at java.awt.EventDispatchThread.pumpEventsForFilter(EventDispatchThread.java:116)
	at java.awt.EventDispatchThread.pumpEventsForHierarchy(EventDispatchThread.java:105)
	at java.awt.EventDispatchThread.pumpEvents(EventDispatchThread.java:101)
	at java.awt.EventDispatchThread.pumpEvents(EventDispatchThread.java:93)
	at java.awt.EventDispatchThread.run(EventDispatchThread.java:82)
2019/04/22 21:20:26-Font name not found-java.awt.FontFormatException
java.awt.FontFormatException: Font name not found
	at sun.font.TrueTypeFont.init(TrueTypeFont.java:573)
	at sun.font.TrueTypeFont.<init>(TrueTypeFont.java:191)
	at sun.font.CFontManager.createFont2D(CFontManager.java:161)
	at java.awt.Font.<init>(Font.java:615)
	at java.awt.Font.createFont(Font.java:1056)
	at PolyGlot.IOHandler.loadFont(IOHandler.java:897)
	at PolyGlot.IOHandler.getFontFromLocation(IOHandler.java:860)
	at PolyGlot.IOHandler.getFontFile(IOHandler.java:820)
	at PolyGlot.IOHandler.loadFontFromOSFileFolder(IOHandler.java:790)
	at PolyGlot.ManagersCollections.PropertiesManager.setFontCon(PropertiesManager.java:297)
	at PolyGlot.Screens.ScrLangProps.setConFont(ScrLangProps.java:191)
	at PolyGlot.Screens.ScrLangProps.btnChangeFontActionPerformed(ScrLangProps.java:527)
	at PolyGlot.Screens.ScrLangProps.access$200(ScrLangProps.java:47)
	at PolyGlot.Screens.ScrLangProps$2.actionPerformed(ScrLangProps.java:297)
	at javax.swing.AbstractButton.fireActionPerformed(AbstractButton.java:2022)
	at javax.swing.AbstractButton$Handler.actionPerformed(AbstractButton.java:2346)
	at javax.swing.DefaultButtonModel.fireActionPerformed(DefaultButtonModel.java:402)
	at javax.swing.DefaultButtonModel.setPressed(DefaultButtonModel.java:259)
	at javax.swing.plaf.basic.BasicButtonListener.mouseReleased(BasicButtonListener.java:252)
	at java.awt.AWTEventMulticaster.mouseReleased(AWTEventMulticaster.java:289)
	at java.awt.AWTEventMulticaster.mouseReleased(AWTEventMulticaster.java:289)
	at java.awt.Component.processMouseEvent(Component.java:6527)
	at javax.swing.JComponent.processMouseEvent(JComponent.java:3321)
	at java.awt.Component.processEvent(Component.java:6292)
	at java.awt.Container.processEvent(Container.java:2234)
	at java.awt.Component.dispatchEventImpl(Component.java:4883)
	at java.awt.Container.dispatchEventImpl(Container.java:2292)
	at java.awt.Component.dispatchEvent(Component.java:4705)
	at java.awt.LightweightDispatcher.retargetMouseEvent(Container.java:4898)
	at java.awt.LightweightDispatcher.processMouseEvent(Container.java:4533)
	at java.awt.LightweightDispatcher.dispatchEvent(Container.java:4462)
	at java.awt.Container.dispatchEventImpl(Container.java:2278)
	at java.awt.Window.dispatchEventImpl(Window.java:2739)
	at java.awt.Component.dispatchEvent(Component.java:4705)
	at java.awt.EventQueue.dispatchEventImpl(EventQueue.java:746)
	at java.awt.EventQueue.access$400(EventQueue.java:97)
	at java.awt.EventQueue$3.run(EventQueue.java:697)
	at java.awt.EventQueue$3.run(EventQueue.java:691)
	at java.security.AccessController.doPrivileged(Native Method)
	at java.security.ProtectionDomain$1.doIntersectionPrivilege(ProtectionDomain.java:75)
	at java.security.ProtectionDomain$1.doIntersectionPrivilege(ProtectionDomain.java:86)
	at java.awt.EventQueue$4.run(EventQueue.java:719)
	at java.awt.EventQueue$4.run(EventQueue.java:717)
	at java.security.AccessController.doPrivileged(Native Method)
	at java.security.ProtectionDomain$1.doIntersectionPrivilege(ProtectionDomain.java:75)
	at java.awt.EventQueue.dispatchEvent(EventQueue.java:716)
	at java.awt.EventDispatchThread.pumpOneEventForFilters(EventDispatchThread.java:201)
	at java.awt.EventDispatchThread.pumpEventsForFilter(EventDispatchThread.java:116)
	at java.awt.EventDispatchThread.pumpEventsForHierarchy(EventDispatchThread.java:105)
	at java.awt.EventDispatchThread.pumpEvents(EventDispatchThread.java:101)
	at java.awt.EventDispatchThread.pumpEvents(EventDispatchThread.java:93)
	at java.awt.EventDispatchThread.run(EventDispatchThread.java:82)

